[2013-10-22 19:45:40] START
[2013-10-22 20:02:20] CREATE abstract.py: 0
[2013-10-22 20:16:59] EDIT cpfecys/controllers/abstract.py: 2
[2013-10-22 20:17:27] CREATE abstract/user_active.json: 0
[2013-10-22 20:19:09] EDIT cpfecys/controllers/abstract.py: 1
[2013-10-22 20:19:17] EDIT cpfecys/controllers/abstract.py: 0
[2013-10-22 20:19:27] EDIT cpfecys/controllers/abstract.py: 0
[2013-10-22 20:19:29] EDIT cpfecys/controllers/abstract.py: 0
[2013-10-22 20:23:42] EDIT cpfecys/controllers/abstract.py: 4
[2013-10-22 20:23:54] EDIT cpfecys/controllers/abstract.py: 0
[2013-10-22 20:24:28] EDIT cpfecys/controllers/abstract.py: 0
[2013-10-22 20:24:35] EDIT cpfecys/controllers/abstract.py: 0
[2013-10-22 20:26:22] EDIT cpfecys/controllers/abstract.py: 0
[2013-10-22 20:26:58] EDIT cpfecys/controllers/abstract.py: 0
[2013-10-22 20:27:04] EDIT cpfecys/controllers/abstract.py: 0
[2013-10-22 20:27:13] EDIT cpfecys/controllers/abstract.py: 0
[2013-10-22 20:27:27] EDIT cpfecys/controllers/abstract.py: 0
[2013-10-22 20:55:28] EDIT cpfecys/controllers/abstract.py: 0
[2013-10-22 20:58:55] CREATE chamilo.py: 0
[2013-10-22 20:59:34] EDIT cpfecys/models/chamilo.py: 12
[2013-10-22 20:59:37] EDIT cpfecys/models/chamilo.py: 0
[2013-10-22 21:00:09] EDIT cpfecys/models/chamilo.py: 0
[2013-10-22 21:02:09] EDIT cpfecys/models/chamilo.py: 0
[2013-10-22 21:02:42] EDIT cpfecys/models/chamilo.py: 1
[2013-10-22 21:04:38] EDIT cpfecys/models/chamilo.py: 9
[2013-10-22 21:04:57] EDIT cpfecys/models/chamilo.py: 1
[2013-10-22 21:05:03] EDIT cpfecys/models/chamilo.py: 1
[2013-10-22 21:08:51] EDIT cpfecys/models/chamilo.py: 0
[2013-10-22 21:10:23] EDIT cpfecys/models/chamilo.py: -7
[2013-10-22 21:10:55] EDIT cpfecys/models/chamilo.py: 1
[2013-10-22 21:31:26] EDIT cpfecys/models/chamilo.py: -8
[2013-10-22 21:31:52] EDIT cpfecys/controllers/abstract.py: 0
[2013-10-22 22:09:32] EDIT cpfecys/models/chamilo.py: 8
[2013-10-22 22:09:39] EDIT cpfecys/models/chamilo.py: 0
[2013-10-22 22:13:26] EDIT cpfecys/models/chamilo.py: 0
[2013-10-22 22:14:02] EDIT cpfecys/models/chamilo.py: 0
[2013-10-22 22:16:44] EDIT cpfecys/controllers/abstract.py: 1
[2013-10-22 22:16:49] EDIT cpfecys/controllers/abstract.py: -1
